<?xml version="1.0" encoding="UTF-8"?>
<!-- Generated by org.testng.reporters.JUnitReportReporter -->
<testsuite skipped="0" hostname="chetanth-w10lt" name="com.test.TestNgBasics" tests="3" failures="0" timestamp="28 May 2019 17:33:19 GMT" time="0.008" errors="0">
  <testcase name="googleLogo" time="0.002" classname="com.test.TestNgBasics"/>
  <testcase name="googleTitleTest" time="0.002" classname="com.test.TestNgBasics"/>
  <testcase name="searchTest" time="0.004" classname="com.test.TestNgBasics"/>
</testsuite> <!-- com.test.TestNgBasics -->
