<?xml version="1.0" encoding="UTF-8"?>
<!-- Generated by org.testng.reporters.JUnitReportReporter -->
<testsuite skipped="0" hostname="chetanth-w10lt" name="com.datadriven.test.FillFormTest" tests="4" failures="0" timestamp="30 May 2019 09:16:30 GMT" time="32.098" errors="0">
  <testcase name="RegpageTest" time="7.437" classname="com.datadriven.test.FillFormTest"/>
  <testcase name="RegpageTest" time="9.307" classname="com.datadriven.test.FillFormTest"/>
  <testcase name="RegpageTest" time="7.982" classname="com.datadriven.test.FillFormTest"/>
  <testcase name="RegpageTest" time="7.372" classname="com.datadriven.test.FillFormTest"/>
</testsuite> <!-- com.datadriven.test.FillFormTest -->
