<?xml version="1.0" encoding="UTF-8"?>
<!-- Generated by org.testng.reporters.JUnitReportReporter -->
<testsuite skipped="0" hostname="chetanth-w10lt" name="com.test.ExceptionTimeOutTest" tests="1" failures="0" timestamp="28 May 2019 17:33:19 GMT" time="0.005" errors="0">
  <testcase name="test1" time="0.005" classname="com.test.ExceptionTimeOutTest"/>
</testsuite> <!-- com.test.ExceptionTimeOutTest -->
